<?xml version="1.0" encoding="UTF-8"?>
<!-- Generated by org.testng.reporters.JUnitXMLReporter -->
<testsuite ignored="0" hostname="LAP0001968" failures="0" tests="3" name="Default test" time="32.0" errors="0" timestamp="22 Jun 2019 12:22:02 GMT">
  <testcase classname="org.automation.yatra.testcases.TC002_RegisterNewUser" name="tc002_register_new_user" time="0.419"/>
  <testcase classname="org.automation.yatra.testcases.TC002_RegisterNewUser" name="tc002_register_new_user" time="0.558"/>
  <testcase classname="org.automation.yatra.testcases.TC002_RegisterNewUser" name="tc002_register_new_user" time="0.394"/>
</testsuite> <!-- Default test -->
