<?xml version="1.0" encoding="UTF-8"?>
<!-- Generated by org.testng.reporters.JUnitXMLReporter -->
<testsuite ignored="0" hostname="LAP0001968" failures="1" tests="2" name="Test" time="10.686" errors="0" timestamp="25 Jun 2019 04:28:37 GMT">
  <testcase classname="org.automation.yatra.testcases.TC001_ValidatingLoginFunctionality" name="tc_001_login_functionality" time="0.432"/>
  <testcase classname="org.automation.yatra.testcases.TC001_ValidatingLoginFunctionality" name="tc_001_login_functionality" time="10.669">
    <failure type="java.lang.NullPointerException">
      <![CDATA[java.lang.NullPointerException
at org.automation.yatra.utility.Screenshots.TakeScreenshot(Screenshots.java:15)
at org.automation.yatra.reporting.ExtentListener.onTestSuccess(ExtentListener.java:23)
... Removed 22 stack frames]]>
    </failure>
  </testcase> <!-- tc_001_login_functionality -->
</testsuite> <!-- Test -->
